[2020-06-22T21:33:10.512Z : [31merror[39m] - [SampleService] read_by_filter Error: Error
[2020-06-22T21:36:29.016Z : [31merror[39m] - [SampleService] read_by_filter Error: Error
[2020-06-22T21:37:30.287Z : [31merror[39m] - Resource not found
[2020-06-22T22:01:03.386Z : [31merror[39m] - Resource not found
[2020-06-22T22:01:24.156Z : [31merror[39m] - Resource not found
[2020-06-22T22:01:43.586Z : [31merror[39m] - Resource not found
[2020-06-22T22:34:42.474Z : [31merror[39m] - [SampleService] read_by_filter: Cannot read property 'handle_database_read' of undefined
[2020-06-22T22:34:44.329Z : [31merror[39m] - [SampleService] read_by_filter: Cannot read property 'handle_database_read' of undefined
[2020-06-22T22:35:51.263Z : [31merror[39m] - [SampleService] read_by_filter: Cannot read property 'handle_database_read' of undefined
[2020-06-22T22:38:05.395Z : [31merror[39m] - [SampleService] read_by_filter: Cannot read property 'handle_database_read' of undefined
[2020-06-22T22:42:40.460Z : [31merror[39m] - [SampleService] read_by_filter: Cannot read property 'sample_controller' of undefined
[2020-06-22T22:50:12.422Z : [31merror[39m] - Resource not found
[2020-06-22T22:52:16.093Z : [31merror[39m] - [SampleService] read_by_wildcard: build_return_fields_string is not defined
[2020-06-22T22:55:37.042Z : [31merror[39m] - [SampleService] read_by_wildcard: console.loog is not a function
[2020-06-22T23:51:28.943Z : [31merror[39m] - [SampleService] read_records_by_wildcard: SharedService is not defined
[2020-06-23T00:17:20.101Z : [31merror[39m] - undefined
[2020-06-24T22:35:57.875Z : [31merror[39m] - [SampleService] update_record_by_id: Cannot read property 'test_two' of undefined
[2020-06-24T22:36:47.032Z : [31merror[39m] - [SampleService] update_record_by_id: Cannot read property 'test_two' of undefined
[2020-06-24T22:37:29.645Z : [31merror[39m] - [SampleService] update_record_by_id: Cannot read property 'test_two' of undefined
[2020-06-24T22:37:38.521Z : [31merror[39m] - [SampleService] update_record_by_id: test_two is not defined
[2020-06-24T22:38:47.122Z : [31merror[39m] - [SampleService] update_record_by_id: Cannot read property 'test_two' of undefined
[2020-06-24T22:40:44.667Z : [31merror[39m] - [SampleService] update_record_by_id: Cannot read property 'test_two' of undefined
[2020-06-24T22:40:58.896Z : [31merror[39m] - [SampleService] update_record_by_id: handler is not a function
[2020-06-24T22:42:07.350Z : [31merror[39m] - [SampleService] update_record_by_id: handler is not a function
[2020-07-01T00:29:17.688Z : [31merror[39m] - Resource not found
[2020-07-01T00:37:40.964Z : [31merror[39m] - Resource not found
[2020-07-01T00:42:19.952Z : [31merror[39m] - [SampleService] read_records_by_filter: options[field].toLowerCase is not a function
[2020-07-01T00:43:33.383Z : [31merror[39m] - [SampleService] read_records_by_filter: Cannot read property 'length' of undefined
